  main.cpp
  Pvector.cpp
c:\ais\aispacestationrescue\spacestationrescue\pvector.cpp(88): warning C4244: 'argument': conversion from 'double' to 'float', possible loss of data
c:\ais\aispacestationrescue\spacestationrescue\pvector.cpp(135): warning C4305: 'return': truncation from 'double' to 'float'
c:\ais\aispacestationrescue\spacestationrescue\pvector.cpp(140): warning C4244: 'initializing': conversion from 'double' to 'float', possible loss of data
  Player.cpp
c:\ais\aispacestationrescue\spacestationrescue\player.cpp(91): warning C4305: '-=': truncation from 'double' to 'float'
c:\ais\aispacestationrescue\spacestationrescue\player.cpp(99): warning C4305: '+=': truncation from 'double' to 'float'
  Obstacle.cpp
  Game.cpp
  Flock.cpp
c:\ais\aispacestationrescue\spacestationrescue\boid.h(42): warning C4244: 'argument': conversion from 'int' to 'float', possible loss of data
c:\ais\aispacestationrescue\spacestationrescue\boid.h(53): warning C4244: 'argument': conversion from 'int' to 'float', possible loss of data
c:\ais\aispacestationrescue\spacestationrescue\boid.h(57): warning C4244: 'argument': conversion from 'int' to 'float', possible loss of data
c:\ais\aispacestationrescue\spacestationrescue\flock.cpp(29): warning C4018: '<': signed/unsigned mismatch
c:\ais\aispacestationrescue\spacestationrescue\flock.cpp(38): warning C4018: '<': signed/unsigned mismatch
c:\ais\aispacestationrescue\spacestationrescue\flock.cpp(59): warning C4305: 'initializing': truncation from 'double' to 'float'
  Boid.cpp
c:\ais\aispacestationrescue\spacestationrescue\boid.h(42): warning C4244: 'argument': conversion from 'int' to 'float', possible loss of data
c:\ais\aispacestationrescue\spacestationrescue\boid.h(53): warning C4244: 'argument': conversion from 'int' to 'float', possible loss of data
c:\ais\aispacestationrescue\spacestationrescue\boid.h(57): warning C4244: 'argument': conversion from 'int' to 'float', possible loss of data
c:\ais\aispacestationrescue\spacestationrescue\boid.cpp(45): warning C4018: '<': signed/unsigned mismatch
c:\ais\aispacestationrescue\spacestationrescue\boid.cpp(108): warning C4018: '<': signed/unsigned mismatch
c:\ais\aispacestationrescue\spacestationrescue\boid.cpp(147): warning C4018: '<': signed/unsigned mismatch
c:\ais\aispacestationrescue\spacestationrescue\boid.cpp(158): warning C4244: 'argument': conversion from 'int' to 'float', possible loss of data
c:\ais\aispacestationrescue\spacestationrescue\boid.cpp(188): warning C4305: 'argument': truncation from 'double' to 'float'
c:\ais\aispacestationrescue\spacestationrescue\boid.cpp(236): warning C4305: 'argument': truncation from 'double' to 'float'
c:\ais\aispacestationrescue\spacestationrescue\boid.cpp(237): warning C4305: 'argument': truncation from 'double' to 'float'
c:\ais\aispacestationrescue\spacestationrescue\boid.cpp(238): warning C4305: 'argument': truncation from 'double' to 'float'
c:\ais\aispacestationrescue\spacestationrescue\boid.cpp(239): warning C4305: 'argument': truncation from 'double' to 'float'
c:\ais\aispacestationrescue\spacestationrescue\boid.cpp(244): warning C4305: 'argument': truncation from 'double' to 'float'
c:\ais\aispacestationrescue\spacestationrescue\boid.cpp(245): warning C4305: 'argument': truncation from 'double' to 'float'
c:\ais\aispacestationrescue\spacestationrescue\boid.cpp(246): warning C4305: 'argument': truncation from 'double' to 'float'
c:\ais\aispacestationrescue\spacestationrescue\boid.cpp(247): warning C4305: 'argument': truncation from 'double' to 'float'
c:\ais\aispacestationrescue\spacestationrescue\boid.cpp(270): warning C4018: '<': signed/unsigned mismatch
c:\ais\aispacestationrescue\spacestationrescue\boid.cpp(289): warning C4244: 'argument': conversion from 'unsigned int' to 'float', possible loss of data
  Generating Code...
  LINK : C:\AIS\AISpaceStationRescue\SpaceStationRescue\Debug\SpaceStationRescue.exe not found or not built by the last incremental link; performing full link
  SpaceStationRescue.vcxproj -> C:\AIS\AISpaceStationRescue\SpaceStationRescue\Debug\SpaceStationRescue.exe
  SpaceStationRescue.vcxproj -> C:\AIS\AISpaceStationRescue\SpaceStationRescue\Debug\SpaceStationRescue.pdb (Partial PDB)
