c:\ais\aispacestationrescue\spacestationrescue\debug\vc141.pdb
c:\ais\aispacestationrescue\spacestationrescue\debug\vc141.idb
c:\ais\aispacestationrescue\spacestationrescue\debug\boid.obj
c:\ais\aispacestationrescue\spacestationrescue\debug\flock.obj
c:\ais\aispacestationrescue\spacestationrescue\debug\game.obj
c:\ais\aispacestationrescue\spacestationrescue\debug\ground.obj
c:\ais\aispacestationrescue\spacestationrescue\debug\level.obj
c:\ais\aispacestationrescue\spacestationrescue\debug\main.obj
c:\ais\aispacestationrescue\spacestationrescue\debug\obstacle.obj
c:\ais\aispacestationrescue\spacestationrescue\debug\player.obj
c:\ais\aispacestationrescue\spacestationrescue\debug\pvector.obj
c:\ais\aispacestationrescue\spacestationrescue\debug\sweeper.obj
c:\ais\aispacestationrescue\spacestationrescue\debug\worker.obj
c:\ais\aispacestationrescue\spacestationrescue\debug\spacestationrescue.ilk
c:\ais\aispacestationrescue\spacestationrescue\debug\spacestationrescue.exe
c:\ais\aispacestationrescue\spacestationrescue\debug\spacestationrescue.pdb
c:\ais\aispacestationrescue\spacestationrescue\debug\spacesta.f0d99abc.tlog\cl.command.1.tlog
c:\ais\aispacestationrescue\spacestationrescue\debug\spacesta.f0d99abc.tlog\cl.read.1.tlog
c:\ais\aispacestationrescue\spacestationrescue\debug\spacesta.f0d99abc.tlog\cl.write.1.tlog
c:\ais\aispacestationrescue\spacestationrescue\debug\spacesta.f0d99abc.tlog\link.command.1.tlog
c:\ais\aispacestationrescue\spacestationrescue\debug\spacesta.f0d99abc.tlog\link.read.1.tlog
c:\ais\aispacestationrescue\spacestationrescue\debug\spacesta.f0d99abc.tlog\link.write.1.tlog
